2015/03/05 02:12:44 [error] [exception.CException] exception 'CException' with message 'Alias "application.extensions.widgets.CCLinkPager" is invalid. Make sure it points to an existing PHP file and the file is readable.' in C:\xampp\htdocs\test\framework\YiiBase.php:323
Stack trace:
#0 C:\xampp\htdocs\test\framework\web\CWidgetFactory.php(146): YiiBase::import('application.ext...', true)
#1 C:\xampp\htdocs\test\framework\web\CBaseController.php(146): CWidgetFactory->createWidget(Object(CGridView), 'application.ext...', Array)
#2 C:\xampp\htdocs\test\framework\web\CBaseController.php(180): CBaseController->createWidget('application.ext...', Array)
#3 C:\xampp\htdocs\test\framework\zii\widgets\CBaseListView.php(285): CBaseController->widget('application.ext...', Array)
#4 C:\xampp\htdocs\test\framework\zii\widgets\CBaseListView.php(181): CBaseListView->renderPager()
#5 [internal function]: CBaseListView->renderSection(Array)
#6 C:\xampp\htdocs\test\framework\zii\widgets\CBaseListView.php(164): preg_replace_callback('/{(\w+)}/', Array, '{summary}?{item...')
#7 C:\xampp\htdocs\test\framework\zii\widgets\CBaseListView.php(149): CBaseListView->renderContent()
#8 C:\xampp\htdocs\test\framework\web\CBaseController.php(181): CBaseListView->run()
#9 C:\xampp\htdocs\test\protected\views\user\admin.php(78): CBaseController->widget('zii.widgets.gri...', Array)
#10 C:\xampp\htdocs\test\framework\web\CBaseController.php(126): require('C:\xampp\htdocs...')
#11 C:\xampp\htdocs\test\framework\web\CBaseController.php(95): CBaseController->renderInternal('C:\xampp\htdocs...', Array, true)
#12 C:\xampp\htdocs\test\framework\web\CController.php(869): CBaseController->renderFile('C:\xampp\htdocs...', Array, true)
#13 C:\xampp\htdocs\test\framework\web\CController.php(782): CController->renderPartial('admin', Array, true)
#14 C:\xampp\htdocs\test\protected\controllers\UserController.php(143): CController->render('admin', Array)
#15 C:\xampp\htdocs\test\framework\web\actions\CInlineAction.php(49): UserController->actionAdmin()
#16 C:\xampp\htdocs\test\framework\web\CController.php(308): CInlineAction->runWithParams(Array)
#17 C:\xampp\htdocs\test\framework\web\filters\CFilterChain.php(133): CController->runAction(Object(CInlineAction))
#18 C:\xampp\htdocs\test\framework\web\filters\CFilter.php(40): CFilterChain->run()
#19 C:\xampp\htdocs\test\framework\web\CController.php(1145): CFilter->filter(Object(CFilterChain))
#20 C:\xampp\htdocs\test\framework\web\filters\CInlineFilter.php(58): CController->filterAccessControl(Object(CFilterChain))
#21 C:\xampp\htdocs\test\framework\web\filters\CFilterChain.php(130): CInlineFilter->filter(Object(CFilterChain))
#22 C:\xampp\htdocs\test\framework\web\CController.php(291): CFilterChain->run()
#23 C:\xampp\htdocs\test\framework\web\CController.php(265): CController->runActionWithFilters(Object(CInlineAction), Array)
#24 C:\xampp\htdocs\test\framework\web\CWebApplication.php(282): CController->run('admin')
#25 C:\xampp\htdocs\test\framework\web\CWebApplication.php(141): CWebApplication->runController('user/admin')
#26 C:\xampp\htdocs\test\framework\base\CApplication.php(184): CWebApplication->processRequest()
#27 C:\xampp\htdocs\test\index.php(13): CApplication->run()
#28 {main}
REQUEST_URI=/test/index.php?r=user/admin
---
2015/03/05 02:34:10 [error] [php] Use of undefined constant id - assumed 'id' (C:\xampp\htdocs\test\protected\controllers\UserController.php:148)
Stack trace:
#0 C:\xampp\htdocs\test\framework\web\filters\CFilterChain.php(133): UserController->runAction()
#1 C:\xampp\htdocs\test\framework\web\filters\CFilter.php(40): CFilterChain->run()
#2 C:\xampp\htdocs\test\framework\web\CController.php(1145): CAccessControlFilter->filter()
#3 C:\xampp\htdocs\test\framework\web\filters\CInlineFilter.php(58): UserController->filterAccessControl()
#4 C:\xampp\htdocs\test\framework\web\filters\CFilterChain.php(130): CInlineFilter->filter()
#5 C:\xampp\htdocs\test\framework\web\CController.php(291): CFilterChain->run()
#6 C:\xampp\htdocs\test\framework\web\CController.php(265): UserController->runActionWithFilters()
#7 C:\xampp\htdocs\test\framework\web\CWebApplication.php(282): UserController->run()
#8 C:\xampp\htdocs\test\framework\web\CWebApplication.php(141): CWebApplication->runController()
#9 C:\xampp\htdocs\test\framework\base\CApplication.php(184): CWebApplication->processRequest()
#10 C:\xampp\htdocs\test\index.php(13): CWebApplication->run()
REQUEST_URI=/test/index.php?r=user/admin
2015/03/05 02:34:36 [error] [php] Use of undefined constant id - assumed 'id' (C:\xampp\htdocs\test\protected\controllers\UserController.php:148)
Stack trace:
#0 C:\xampp\htdocs\test\framework\web\filters\CFilterChain.php(133): UserController->runAction()
#1 C:\xampp\htdocs\test\framework\web\filters\CFilter.php(40): CFilterChain->run()
#2 C:\xampp\htdocs\test\framework\web\CController.php(1145): CAccessControlFilter->filter()
#3 C:\xampp\htdocs\test\framework\web\filters\CInlineFilter.php(58): UserController->filterAccessControl()
#4 C:\xampp\htdocs\test\framework\web\filters\CFilterChain.php(130): CInlineFilter->filter()
#5 C:\xampp\htdocs\test\framework\web\CController.php(291): CFilterChain->run()
#6 C:\xampp\htdocs\test\framework\web\CController.php(265): UserController->runActionWithFilters()
#7 C:\xampp\htdocs\test\framework\web\CWebApplication.php(282): UserController->run()
#8 C:\xampp\htdocs\test\framework\web\CWebApplication.php(141): CWebApplication->runController()
#9 C:\xampp\htdocs\test\framework\base\CApplication.php(184): CWebApplication->processRequest()
#10 C:\xampp\htdocs\test\index.php(13): CWebApplication->run()
REQUEST_URI=/test/index.php?r=user/admin
2015/03/05 02:35:02 [error] [php] Use of undefined constant id - assumed 'id' (C:\xampp\htdocs\test\protected\controllers\UserController.php:148)
Stack trace:
#0 C:\xampp\htdocs\test\framework\web\filters\CFilterChain.php(133): UserController->runAction()
#1 C:\xampp\htdocs\test\framework\web\filters\CFilter.php(40): CFilterChain->run()
#2 C:\xampp\htdocs\test\framework\web\CController.php(1145): CAccessControlFilter->filter()
#3 C:\xampp\htdocs\test\framework\web\filters\CInlineFilter.php(58): UserController->filterAccessControl()
#4 C:\xampp\htdocs\test\framework\web\filters\CFilterChain.php(130): CInlineFilter->filter()
#5 C:\xampp\htdocs\test\framework\web\CController.php(291): CFilterChain->run()
#6 C:\xampp\htdocs\test\framework\web\CController.php(265): UserController->runActionWithFilters()
#7 C:\xampp\htdocs\test\framework\web\CWebApplication.php(282): UserController->run()
#8 C:\xampp\htdocs\test\framework\web\CWebApplication.php(141): CWebApplication->runController()
#9 C:\xampp\htdocs\test\framework\base\CApplication.php(184): CWebApplication->processRequest()
#10 C:\xampp\htdocs\test\index.php(13): CWebApplication->run()
REQUEST_URI=/test/index.php?r=user/admin
2015/03/05 02:35:04 [error] [php] Use of undefined constant id - assumed 'id' (C:\xampp\htdocs\test\protected\controllers\UserController.php:148)
Stack trace:
#0 C:\xampp\htdocs\test\framework\web\filters\CFilterChain.php(133): UserController->runAction()
#1 C:\xampp\htdocs\test\framework\web\filters\CFilter.php(40): CFilterChain->run()
#2 C:\xampp\htdocs\test\framework\web\CController.php(1145): CAccessControlFilter->filter()
#3 C:\xampp\htdocs\test\framework\web\filters\CInlineFilter.php(58): UserController->filterAccessControl()
#4 C:\xampp\htdocs\test\framework\web\filters\CFilterChain.php(130): CInlineFilter->filter()
#5 C:\xampp\htdocs\test\framework\web\CController.php(291): CFilterChain->run()
#6 C:\xampp\htdocs\test\framework\web\CController.php(265): UserController->runActionWithFilters()
#7 C:\xampp\htdocs\test\framework\web\CWebApplication.php(282): UserController->run()
#8 C:\xampp\htdocs\test\framework\web\CWebApplication.php(141): CWebApplication->runController()
#9 C:\xampp\htdocs\test\framework\base\CApplication.php(184): CWebApplication->processRequest()
#10 C:\xampp\htdocs\test\index.php(13): CWebApplication->run()
REQUEST_URI=/test/index.php?r=user/admin
2015/03/05 02:40:16 [error] [exception.CException] exception 'CException' with message 'Alias "application.extensions.widgets.CCLinkPager" is invalid. Make sure it points to an existing PHP file and the file is readable.' in C:\xampp\htdocs\test\framework\YiiBase.php:323
Stack trace:
#0 C:\xampp\htdocs\test\framework\YiiBase.php(196): YiiBase::import('application.ext...', true)
#1 C:\xampp\htdocs\test\framework\zii\widgets\grid\CGridView.php(388): YiiBase::createComponent(Array, Object(CGridView))
#2 C:\xampp\htdocs\test\framework\zii\widgets\grid\CGridView.php(359): CGridView->initColumns()
#3 C:\xampp\htdocs\test\framework\web\CBaseController.php(147): CGridView->init()
#4 C:\xampp\htdocs\test\framework\web\CBaseController.php(180): CBaseController->createWidget('zii.widgets.gri...', Array)
#5 C:\xampp\htdocs\test\protected\views\user\admin.php(80): CBaseController->widget('zii.widgets.gri...', Array)
#6 C:\xampp\htdocs\test\framework\web\CBaseController.php(126): require('C:\xampp\htdocs...')
#7 C:\xampp\htdocs\test\framework\web\CBaseController.php(95): CBaseController->renderInternal('C:\xampp\htdocs...', Array, true)
#8 C:\xampp\htdocs\test\framework\web\CController.php(869): CBaseController->renderFile('C:\xampp\htdocs...', Array, true)
#9 C:\xampp\htdocs\test\framework\web\CController.php(782): CController->renderPartial('admin', Array, true)
#10 C:\xampp\htdocs\test\protected\controllers\UserController.php(143): CController->render('admin', Array)
#11 C:\xampp\htdocs\test\framework\web\actions\CInlineAction.php(49): UserController->actionAdmin()
#12 C:\xampp\htdocs\test\framework\web\CController.php(308): CInlineAction->runWithParams(Array)
#13 C:\xampp\htdocs\test\framework\web\filters\CFilterChain.php(133): CController->runAction(Object(CInlineAction))
#14 C:\xampp\htdocs\test\framework\web\filters\CFilter.php(40): CFilterChain->run()
#15 C:\xampp\htdocs\test\framework\web\CController.php(1145): CFilter->filter(Object(CFilterChain))
#16 C:\xampp\htdocs\test\framework\web\filters\CInlineFilter.php(58): CController->filterAccessControl(Object(CFilterChain))
#17 C:\xampp\htdocs\test\framework\web\filters\CFilterChain.php(130): CInlineFilter->filter(Object(CFilterChain))
#18 C:\xampp\htdocs\test\framework\web\CController.php(291): CFilterChain->run()
#19 C:\xampp\htdocs\test\framework\web\CController.php(265): CController->runActionWithFilters(Object(CInlineAction), Array)
#20 C:\xampp\htdocs\test\framework\web\CWebApplication.php(282): CController->run('admin')
#21 C:\xampp\htdocs\test\framework\web\CWebApplication.php(141): CWebApplication->runController('user/admin')
#22 C:\xampp\htdocs\test\framework\base\CApplication.php(184): CWebApplication->processRequest()
#23 C:\xampp\htdocs\test\index.php(13): CApplication->run()
#24 {main}
REQUEST_URI=/test/index.php?r=user/admin
---
2015/03/05 02:44:06 [error] [exception.CException] exception 'CException' with message 'Property "CCLinkPager.visible" is not defined.' in C:\xampp\htdocs\test\framework\base\CComponent.php:130
Stack trace:
#0 C:\xampp\htdocs\test\framework\zii\widgets\grid\CGridView.php(390): CComponent->__get('visible')
#1 C:\xampp\htdocs\test\framework\zii\widgets\grid\CGridView.php(359): CGridView->initColumns()
#2 C:\xampp\htdocs\test\framework\web\CBaseController.php(147): CGridView->init()
#3 C:\xampp\htdocs\test\framework\web\CBaseController.php(180): CBaseController->createWidget('zii.widgets.gri...', Array)
#4 C:\xampp\htdocs\test\protected\views\user\admin.php(80): CBaseController->widget('zii.widgets.gri...', Array)
#5 C:\xampp\htdocs\test\framework\web\CBaseController.php(126): require('C:\xampp\htdocs...')
#6 C:\xampp\htdocs\test\framework\web\CBaseController.php(95): CBaseController->renderInternal('C:\xampp\htdocs...', Array, true)
#7 C:\xampp\htdocs\test\framework\web\CController.php(869): CBaseController->renderFile('C:\xampp\htdocs...', Array, true)
#8 C:\xampp\htdocs\test\framework\web\CController.php(782): CController->renderPartial('admin', Array, true)
#9 C:\xampp\htdocs\test\protected\controllers\UserController.php(143): CController->render('admin', Array)
#10 C:\xampp\htdocs\test\framework\web\actions\CInlineAction.php(49): UserController->actionAdmin()
#11 C:\xampp\htdocs\test\framework\web\CController.php(308): CInlineAction->runWithParams(Array)
#12 C:\xampp\htdocs\test\framework\web\filters\CFilterChain.php(133): CController->runAction(Object(CInlineAction))
#13 C:\xampp\htdocs\test\framework\web\filters\CFilter.php(40): CFilterChain->run()
#14 C:\xampp\htdocs\test\framework\web\CController.php(1145): CFilter->filter(Object(CFilterChain))
#15 C:\xampp\htdocs\test\framework\web\filters\CInlineFilter.php(58): CController->filterAccessControl(Object(CFilterChain))
#16 C:\xampp\htdocs\test\framework\web\filters\CFilterChain.php(130): CInlineFilter->filter(Object(CFilterChain))
#17 C:\xampp\htdocs\test\framework\web\CController.php(291): CFilterChain->run()
#18 C:\xampp\htdocs\test\framework\web\CController.php(265): CController->runActionWithFilters(Object(CInlineAction), Array)
#19 C:\xampp\htdocs\test\framework\web\CWebApplication.php(282): CController->run('admin')
#20 C:\xampp\htdocs\test\framework\web\CWebApplication.php(141): CWebApplication->runController('user/admin')
#21 C:\xampp\htdocs\test\framework\base\CApplication.php(184): CWebApplication->processRequest()
#22 C:\xampp\htdocs\test\index.php(13): CApplication->run()
#23 {main}
REQUEST_URI=/test/index.php?r=user/admin
---
2015/03/05 02:55:41 [error] [php] Undefined variable: pages (C:\xampp\htdocs\test\protected\views\user\admin.php:83)
Stack trace:
#0 C:\xampp\htdocs\test\framework\web\CController.php(869): UserController->renderFile()
#1 C:\xampp\htdocs\test\framework\web\CController.php(782): UserController->renderPartial()
#2 C:\xampp\htdocs\test\protected\controllers\UserController.php(143): UserController->render()
#3 C:\xampp\htdocs\test\framework\web\actions\CInlineAction.php(49): UserController->actionAdmin()
#4 C:\xampp\htdocs\test\framework\web\CController.php(308): CInlineAction->runWithParams()
#5 C:\xampp\htdocs\test\framework\web\filters\CFilterChain.php(133): UserController->runAction()
#6 C:\xampp\htdocs\test\framework\web\filters\CFilter.php(40): CFilterChain->run()
#7 C:\xampp\htdocs\test\framework\web\CController.php(1145): CAccessControlFilter->filter()
#8 C:\xampp\htdocs\test\framework\web\filters\CInlineFilter.php(58): UserController->filterAccessControl()
#9 C:\xampp\htdocs\test\framework\web\filters\CFilterChain.php(130): CInlineFilter->filter()
#10 C:\xampp\htdocs\test\framework\web\CController.php(291): CFilterChain->run()
#11 C:\xampp\htdocs\test\framework\web\CController.php(265): UserController->runActionWithFilters()
#12 C:\xampp\htdocs\test\framework\web\CWebApplication.php(282): UserController->run()
#13 C:\xampp\htdocs\test\framework\web\CWebApplication.php(141): CWebApplication->runController()
#14 C:\xampp\htdocs\test\framework\base\CApplication.php(184): CWebApplication->processRequest()
#15 C:\xampp\htdocs\test\index.php(13): CWebApplication->run()
REQUEST_URI=/test/index.php?r=user/admin
2015/03/05 03:04:55 [error] [php] Undefined variable: pages (C:\xampp\htdocs\test\protected\views\user\admin.php:83)
Stack trace:
#0 C:\xampp\htdocs\test\framework\web\CController.php(869): UserController->renderFile()
#1 C:\xampp\htdocs\test\framework\web\CController.php(782): UserController->renderPartial()
#2 C:\xampp\htdocs\test\protected\controllers\UserController.php(143): UserController->render()
#3 C:\xampp\htdocs\test\framework\web\actions\CInlineAction.php(49): UserController->actionAdmin()
#4 C:\xampp\htdocs\test\framework\web\CController.php(308): CInlineAction->runWithParams()
#5 C:\xampp\htdocs\test\framework\web\filters\CFilterChain.php(133): UserController->runAction()
#6 C:\xampp\htdocs\test\framework\web\filters\CFilter.php(40): CFilterChain->run()
#7 C:\xampp\htdocs\test\framework\web\CController.php(1145): CAccessControlFilter->filter()
#8 C:\xampp\htdocs\test\framework\web\filters\CInlineFilter.php(58): UserController->filterAccessControl()
#9 C:\xampp\htdocs\test\framework\web\filters\CFilterChain.php(130): CInlineFilter->filter()
#10 C:\xampp\htdocs\test\framework\web\CController.php(291): CFilterChain->run()
#11 C:\xampp\htdocs\test\framework\web\CController.php(265): UserController->runActionWithFilters()
#12 C:\xampp\htdocs\test\framework\web\CWebApplication.php(282): UserController->run()
#13 C:\xampp\htdocs\test\framework\web\CWebApplication.php(141): CWebApplication->runController()
#14 C:\xampp\htdocs\test\framework\base\CApplication.php(184): CWebApplication->processRequest()
#15 C:\xampp\htdocs\test\index.php(13): CWebApplication->run()
REQUEST_URI=/test/index.php?r=user/admin
2015/03/05 03:09:36 [error] [php] Use of undefined constant id - assumed 'id' (C:\xampp\htdocs\test\protected\controllers\UserController.php:148)
Stack trace:
#0 C:\xampp\htdocs\test\framework\web\filters\CFilterChain.php(133): UserController->runAction()
#1 C:\xampp\htdocs\test\framework\web\filters\CFilter.php(40): CFilterChain->run()
#2 C:\xampp\htdocs\test\framework\web\CController.php(1145): CAccessControlFilter->filter()
#3 C:\xampp\htdocs\test\framework\web\filters\CInlineFilter.php(58): UserController->filterAccessControl()
#4 C:\xampp\htdocs\test\framework\web\filters\CFilterChain.php(130): CInlineFilter->filter()
#5 C:\xampp\htdocs\test\framework\web\CController.php(291): CFilterChain->run()
#6 C:\xampp\htdocs\test\framework\web\CController.php(265): UserController->runActionWithFilters()
#7 C:\xampp\htdocs\test\framework\web\CWebApplication.php(282): UserController->run()
#8 C:\xampp\htdocs\test\framework\web\CWebApplication.php(141): CWebApplication->runController()
#9 C:\xampp\htdocs\test\framework\base\CApplication.php(184): CWebApplication->processRequest()
#10 C:\xampp\htdocs\test\index.php(13): CWebApplication->run()
REQUEST_URI=/test/index.php?r=user/admin
2015/03/05 03:09:56 [error] [php] include(Product.php): failed to open stream: No such file or directory (C:\xampp\htdocs\test\framework\YiiBase.php:432)
Stack trace:
#0 C:\xampp\htdocs\test\protected\controllers\UserController.php(149): spl_autoload_call()
#1 C:\xampp\htdocs\test\framework\web\actions\CInlineAction.php(49): UserController->actionAdmin()
#2 C:\xampp\htdocs\test\framework\web\CController.php(308): CInlineAction->runWithParams()
#3 C:\xampp\htdocs\test\framework\web\filters\CFilterChain.php(133): UserController->runAction()
#4 C:\xampp\htdocs\test\framework\web\filters\CFilter.php(40): CFilterChain->run()
#5 C:\xampp\htdocs\test\framework\web\CController.php(1145): CAccessControlFilter->filter()
#6 C:\xampp\htdocs\test\framework\web\filters\CInlineFilter.php(58): UserController->filterAccessControl()
#7 C:\xampp\htdocs\test\framework\web\filters\CFilterChain.php(130): CInlineFilter->filter()
#8 C:\xampp\htdocs\test\framework\web\CController.php(291): CFilterChain->run()
#9 C:\xampp\htdocs\test\framework\web\CController.php(265): UserController->runActionWithFilters()
#10 C:\xampp\htdocs\test\framework\web\CWebApplication.php(282): UserController->run()
#11 C:\xampp\htdocs\test\framework\web\CWebApplication.php(141): CWebApplication->runController()
#12 C:\xampp\htdocs\test\framework\base\CApplication.php(184): CWebApplication->processRequest()
#13 C:\xampp\htdocs\test\index.php(13): CWebApplication->run()
REQUEST_URI=/test/index.php?r=user/admin
2015/03/05 03:11:15 [error] [php] include(Product.php): failed to open stream: No such file or directory (C:\xampp\htdocs\test\framework\YiiBase.php:432)
Stack trace:
#0 C:\xampp\htdocs\test\protected\controllers\UserController.php(154): spl_autoload_call()
#1 C:\xampp\htdocs\test\framework\web\actions\CInlineAction.php(49): UserController->actionAdmin()
#2 C:\xampp\htdocs\test\framework\web\CController.php(308): CInlineAction->runWithParams()
#3 C:\xampp\htdocs\test\framework\web\filters\CFilterChain.php(133): UserController->runAction()
#4 C:\xampp\htdocs\test\framework\web\filters\CFilter.php(40): CFilterChain->run()
#5 C:\xampp\htdocs\test\framework\web\CController.php(1145): CAccessControlFilter->filter()
#6 C:\xampp\htdocs\test\framework\web\filters\CInlineFilter.php(58): UserController->filterAccessControl()
#7 C:\xampp\htdocs\test\framework\web\filters\CFilterChain.php(130): CInlineFilter->filter()
#8 C:\xampp\htdocs\test\framework\web\CController.php(291): CFilterChain->run()
#9 C:\xampp\htdocs\test\framework\web\CController.php(265): UserController->runActionWithFilters()
#10 C:\xampp\htdocs\test\framework\web\CWebApplication.php(282): UserController->run()
#11 C:\xampp\htdocs\test\framework\web\CWebApplication.php(141): CWebApplication->runController()
#12 C:\xampp\htdocs\test\framework\base\CApplication.php(184): CWebApplication->processRequest()
#13 C:\xampp\htdocs\test\index.php(13): CWebApplication->run()
REQUEST_URI=/test/index.php?r=user/admin
2015/03/05 03:11:17 [error] [php] include(Product.php): failed to open stream: No such file or directory (C:\xampp\htdocs\test\framework\YiiBase.php:432)
Stack trace:
#0 C:\xampp\htdocs\test\protected\controllers\UserController.php(154): spl_autoload_call()
#1 C:\xampp\htdocs\test\framework\web\actions\CInlineAction.php(49): UserController->actionAdmin()
#2 C:\xampp\htdocs\test\framework\web\CController.php(308): CInlineAction->runWithParams()
#3 C:\xampp\htdocs\test\framework\web\filters\CFilterChain.php(133): UserController->runAction()
#4 C:\xampp\htdocs\test\framework\web\filters\CFilter.php(40): CFilterChain->run()
#5 C:\xampp\htdocs\test\framework\web\CController.php(1145): CAccessControlFilter->filter()
#6 C:\xampp\htdocs\test\framework\web\filters\CInlineFilter.php(58): UserController->filterAccessControl()
#7 C:\xampp\htdocs\test\framework\web\filters\CFilterChain.php(130): CInlineFilter->filter()
#8 C:\xampp\htdocs\test\framework\web\CController.php(291): CFilterChain->run()
#9 C:\xampp\htdocs\test\framework\web\CController.php(265): UserController->runActionWithFilters()
#10 C:\xampp\htdocs\test\framework\web\CWebApplication.php(282): UserController->run()
#11 C:\xampp\htdocs\test\framework\web\CWebApplication.php(141): CWebApplication->runController()
#12 C:\xampp\htdocs\test\framework\base\CApplication.php(184): CWebApplication->processRequest()
#13 C:\xampp\htdocs\test\index.php(13): CWebApplication->run()
REQUEST_URI=/test/index.php?r=user/admin
2015/03/05 03:11:19 [error] [php] include(Product.php): failed to open stream: No such file or directory (C:\xampp\htdocs\test\framework\YiiBase.php:432)
Stack trace:
#0 C:\xampp\htdocs\test\protected\controllers\UserController.php(154): spl_autoload_call()
#1 C:\xampp\htdocs\test\framework\web\actions\CInlineAction.php(49): UserController->actionAdmin()
#2 C:\xampp\htdocs\test\framework\web\CController.php(308): CInlineAction->runWithParams()
#3 C:\xampp\htdocs\test\framework\web\filters\CFilterChain.php(133): UserController->runAction()
#4 C:\xampp\htdocs\test\framework\web\filters\CFilter.php(40): CFilterChain->run()
#5 C:\xampp\htdocs\test\framework\web\CController.php(1145): CAccessControlFilter->filter()
#6 C:\xampp\htdocs\test\framework\web\filters\CInlineFilter.php(58): UserController->filterAccessControl()
#7 C:\xampp\htdocs\test\framework\web\filters\CFilterChain.php(130): CInlineFilter->filter()
#8 C:\xampp\htdocs\test\framework\web\CController.php(291): CFilterChain->run()
#9 C:\xampp\htdocs\test\framework\web\CController.php(265): UserController->runActionWithFilters()
#10 C:\xampp\htdocs\test\framework\web\CWebApplication.php(282): UserController->run()
#11 C:\xampp\htdocs\test\framework\web\CWebApplication.php(141): CWebApplication->runController()
#12 C:\xampp\htdocs\test\framework\base\CApplication.php(184): CWebApplication->processRequest()
#13 C:\xampp\htdocs\test\index.php(13): CWebApplication->run()
REQUEST_URI=/test/index.php?r=user/admin
2015/03/05 03:11:41 [error] [php] Undefined variable: model (C:\xampp\htdocs\test\protected\views\user\admin.php:32)
Stack trace:
#0 C:\xampp\htdocs\test\framework\web\CController.php(869): UserController->renderFile()
#1 C:\xampp\htdocs\test\framework\web\CController.php(782): UserController->renderPartial()
#2 C:\xampp\htdocs\test\protected\controllers\UserController.php(155): UserController->render()
#3 C:\xampp\htdocs\test\framework\web\actions\CInlineAction.php(49): UserController->actionAdmin()
#4 C:\xampp\htdocs\test\framework\web\CController.php(308): CInlineAction->runWithParams()
#5 C:\xampp\htdocs\test\framework\web\filters\CFilterChain.php(133): UserController->runAction()
#6 C:\xampp\htdocs\test\framework\web\filters\CFilter.php(40): CFilterChain->run()
#7 C:\xampp\htdocs\test\framework\web\CController.php(1145): CAccessControlFilter->filter()
#8 C:\xampp\htdocs\test\framework\web\filters\CInlineFilter.php(58): UserController->filterAccessControl()
#9 C:\xampp\htdocs\test\framework\web\filters\CFilterChain.php(130): CInlineFilter->filter()
#10 C:\xampp\htdocs\test\framework\web\CController.php(291): CFilterChain->run()
#11 C:\xampp\htdocs\test\framework\web\CController.php(265): UserController->runActionWithFilters()
#12 C:\xampp\htdocs\test\framework\web\CWebApplication.php(282): UserController->run()
#13 C:\xampp\htdocs\test\framework\web\CWebApplication.php(141): CWebApplication->runController()
#14 C:\xampp\htdocs\test\framework\base\CApplication.php(184): CWebApplication->processRequest()
#15 C:\xampp\htdocs\test\index.php(13): CWebApplication->run()
REQUEST_URI=/test/index.php?r=user/admin
2015/03/05 03:18:11 [error] [php] Undefined variable: pages (C:\xampp\htdocs\test\protected\views\user\admin.php:83)
Stack trace:
#0 C:\xampp\htdocs\test\framework\web\CController.php(869): UserController->renderFile()
#1 C:\xampp\htdocs\test\framework\web\CController.php(782): UserController->renderPartial()
#2 C:\xampp\htdocs\test\protected\controllers\UserController.php(143): UserController->render()
#3 C:\xampp\htdocs\test\framework\web\actions\CInlineAction.php(49): UserController->actionAdmin()
#4 C:\xampp\htdocs\test\framework\web\CController.php(308): CInlineAction->runWithParams()
#5 C:\xampp\htdocs\test\framework\web\filters\CFilterChain.php(133): UserController->runAction()
#6 C:\xampp\htdocs\test\framework\web\filters\CFilter.php(40): CFilterChain->run()
#7 C:\xampp\htdocs\test\framework\web\CController.php(1145): CAccessControlFilter->filter()
#8 C:\xampp\htdocs\test\framework\web\filters\CInlineFilter.php(58): UserController->filterAccessControl()
#9 C:\xampp\htdocs\test\framework\web\filters\CFilterChain.php(130): CInlineFilter->filter()
#10 C:\xampp\htdocs\test\framework\web\CController.php(291): CFilterChain->run()
#11 C:\xampp\htdocs\test\framework\web\CController.php(265): UserController->runActionWithFilters()
#12 C:\xampp\htdocs\test\framework\web\CWebApplication.php(282): UserController->run()
#13 C:\xampp\htdocs\test\framework\web\CWebApplication.php(141): CWebApplication->runController()
#14 C:\xampp\htdocs\test\framework\base\CApplication.php(184): CWebApplication->processRequest()
#15 C:\xampp\htdocs\test\index.php(13): CWebApplication->run()
REQUEST_URI=/test/index.php?r=user/admin
2015/03/05 03:20:11 [error] [php] Undefined variable: pages (C:\xampp\htdocs\test\protected\views\user\admin.php:83)
Stack trace:
#0 C:\xampp\htdocs\test\framework\web\CController.php(869): UserController->renderFile()
#1 C:\xampp\htdocs\test\framework\web\CController.php(782): UserController->renderPartial()
#2 C:\xampp\htdocs\test\protected\controllers\UserController.php(143): UserController->render()
#3 C:\xampp\htdocs\test\framework\web\actions\CInlineAction.php(49): UserController->actionAdmin()
#4 C:\xampp\htdocs\test\framework\web\CController.php(308): CInlineAction->runWithParams()
#5 C:\xampp\htdocs\test\framework\web\filters\CFilterChain.php(133): UserController->runAction()
#6 C:\xampp\htdocs\test\framework\web\filters\CFilter.php(40): CFilterChain->run()
#7 C:\xampp\htdocs\test\framework\web\CController.php(1145): CAccessControlFilter->filter()
#8 C:\xampp\htdocs\test\framework\web\filters\CInlineFilter.php(58): UserController->filterAccessControl()
#9 C:\xampp\htdocs\test\framework\web\filters\CFilterChain.php(130): CInlineFilter->filter()
#10 C:\xampp\htdocs\test\framework\web\CController.php(291): CFilterChain->run()
#11 C:\xampp\htdocs\test\framework\web\CController.php(265): UserController->runActionWithFilters()
#12 C:\xampp\htdocs\test\framework\web\CWebApplication.php(282): UserController->run()
#13 C:\xampp\htdocs\test\framework\web\CWebApplication.php(141): CWebApplication->runController()
#14 C:\xampp\htdocs\test\framework\base\CApplication.php(184): CWebApplication->processRequest()
#15 C:\xampp\htdocs\test\index.php(13): CWebApplication->run()
REQUEST_URI=/test/index.php?r=user/admin
2015/03/05 03:20:22 [error] [php] Undefined variable: pages (C:\xampp\htdocs\test\protected\views\user\admin.php:83)
Stack trace:
#0 C:\xampp\htdocs\test\framework\web\CController.php(869): UserController->renderFile()
#1 C:\xampp\htdocs\test\framework\web\CController.php(782): UserController->renderPartial()
#2 C:\xampp\htdocs\test\protected\controllers\UserController.php(143): UserController->render()
#3 C:\xampp\htdocs\test\framework\web\actions\CInlineAction.php(49): UserController->actionAdmin()
#4 C:\xampp\htdocs\test\framework\web\CController.php(308): CInlineAction->runWithParams()
#5 C:\xampp\htdocs\test\framework\web\filters\CFilterChain.php(133): UserController->runAction()
#6 C:\xampp\htdocs\test\framework\web\filters\CFilter.php(40): CFilterChain->run()
#7 C:\xampp\htdocs\test\framework\web\CController.php(1145): CAccessControlFilter->filter()
#8 C:\xampp\htdocs\test\framework\web\filters\CInlineFilter.php(58): UserController->filterAccessControl()
#9 C:\xampp\htdocs\test\framework\web\filters\CFilterChain.php(130): CInlineFilter->filter()
#10 C:\xampp\htdocs\test\framework\web\CController.php(291): CFilterChain->run()
#11 C:\xampp\htdocs\test\framework\web\CController.php(265): UserController->runActionWithFilters()
#12 C:\xampp\htdocs\test\framework\web\CWebApplication.php(282): UserController->run()
#13 C:\xampp\htdocs\test\framework\web\CWebApplication.php(141): CWebApplication->runController()
#14 C:\xampp\htdocs\test\framework\base\CApplication.php(184): CWebApplication->processRequest()
#15 C:\xampp\htdocs\test\index.php(13): CWebApplication->run()
REQUEST_URI=/test/index.php?r=user/admin
2015/03/05 03:20:53 [error] [php] Undefined variable: pages (C:\xampp\htdocs\test\protected\views\user\admin.php:83)
Stack trace:
#0 C:\xampp\htdocs\test\framework\web\CController.php(869): UserController->renderFile()
#1 C:\xampp\htdocs\test\framework\web\CController.php(782): UserController->renderPartial()
#2 C:\xampp\htdocs\test\protected\controllers\UserController.php(143): UserController->render()
#3 C:\xampp\htdocs\test\framework\web\actions\CInlineAction.php(49): UserController->actionAdmin()
#4 C:\xampp\htdocs\test\framework\web\CController.php(308): CInlineAction->runWithParams()
#5 C:\xampp\htdocs\test\framework\web\filters\CFilterChain.php(133): UserController->runAction()
#6 C:\xampp\htdocs\test\framework\web\filters\CFilter.php(40): CFilterChain->run()
#7 C:\xampp\htdocs\test\framework\web\CController.php(1145): CAccessControlFilter->filter()
#8 C:\xampp\htdocs\test\framework\web\filters\CInlineFilter.php(58): UserController->filterAccessControl()
#9 C:\xampp\htdocs\test\framework\web\filters\CFilterChain.php(130): CInlineFilter->filter()
#10 C:\xampp\htdocs\test\framework\web\CController.php(291): CFilterChain->run()
#11 C:\xampp\htdocs\test\framework\web\CController.php(265): UserController->runActionWithFilters()
#12 C:\xampp\htdocs\test\framework\web\CWebApplication.php(282): UserController->run()
#13 C:\xampp\htdocs\test\framework\web\CWebApplication.php(141): CWebApplication->runController()
#14 C:\xampp\htdocs\test\framework\base\CApplication.php(184): CWebApplication->processRequest()
#15 C:\xampp\htdocs\test\index.php(13): CWebApplication->run()
REQUEST_URI=/test/index.php?r=user/admin
2015/03/05 06:41:41 [error] [exception.CException] exception 'CException' with message 'Property "LoginForm.Captcha" is not defined.' in C:\xampp\htdocs\test\framework\base\CComponent.php:130
Stack trace:
#0 C:\xampp\htdocs\test\framework\web\helpers\CHtml.php(2728): CComponent->__get('Captcha')
#1 C:\xampp\htdocs\test\framework\web\helpers\CHtml.php(2451): CHtml::resolveValue(Object(LoginForm), 'Captcha')
#2 C:\xampp\htdocs\test\framework\web\helpers\CHtml.php(1533): CHtml::activeInputField('text', Object(LoginForm), 'Captcha', Array)
#3 C:\xampp\htdocs\test\framework\web\widgets\CActiveForm.php(792): CHtml::activeTextField(Object(LoginForm), 'Captcha', Array)
#4 C:\xampp\htdocs\test\protected\views\site\login.php(51): CActiveForm->textField(Object(LoginForm), 'Captcha', Array)
#5 C:\xampp\htdocs\test\framework\web\CBaseController.php(126): require('C:\xampp\htdocs...')
#6 C:\xampp\htdocs\test\framework\web\CBaseController.php(95): CBaseController->renderInternal('C:\xampp\htdocs...', Array, true)
#7 C:\xampp\htdocs\test\framework\web\CController.php(869): CBaseController->renderFile('C:\xampp\htdocs...', Array, true)
#8 C:\xampp\htdocs\test\framework\web\CController.php(782): CController->renderPartial('login', Array, true)
#9 C:\xampp\htdocs\test\protected\controllers\SiteController.php(98): CController->render('login', Array)
#10 C:\xampp\htdocs\test\framework\web\actions\CInlineAction.php(49): SiteController->actionLogin()
#11 C:\xampp\htdocs\test\framework\web\CController.php(308): CInlineAction->runWithParams(Array)
#12 C:\xampp\htdocs\test\framework\web\CController.php(286): CController->runAction(Object(CInlineAction))
#13 C:\xampp\htdocs\test\framework\web\CController.php(265): CController->runActionWithFilters(Object(CInlineAction), Array)
#14 C:\xampp\htdocs\test\framework\web\CWebApplication.php(282): CController->run('login')
#15 C:\xampp\htdocs\test\framework\web\CWebApplication.php(141): CWebApplication->runController('site/login')
#16 C:\xampp\htdocs\test\framework\base\CApplication.php(184): CWebApplication->processRequest()
#17 C:\xampp\htdocs\test\index.php(13): CApplication->run()
#18 {main}
REQUEST_URI=/test/?r=site/login
HTTP_REFERER=http://localhost/test/?r=site/login
---
2015/03/05 06:46:14 [error] [exception.CException] exception 'CException' with message 'Property "LoginForm.Captcha" is not defined.' in C:\xampp\htdocs\test\framework\base\CComponent.php:130
Stack trace:
#0 C:\xampp\htdocs\test\framework\web\helpers\CHtml.php(2728): CComponent->__get('Captcha')
#1 C:\xampp\htdocs\test\framework\web\helpers\CHtml.php(2451): CHtml::resolveValue(Object(LoginForm), 'Captcha')
#2 C:\xampp\htdocs\test\framework\web\helpers\CHtml.php(1533): CHtml::activeInputField('text', Object(LoginForm), 'Captcha', Array)
#3 C:\xampp\htdocs\test\framework\web\widgets\CActiveForm.php(792): CHtml::activeTextField(Object(LoginForm), 'Captcha', Array)
#4 C:\xampp\htdocs\test\protected\views\site\login.php(51): CActiveForm->textField(Object(LoginForm), 'Captcha', Array)
#5 C:\xampp\htdocs\test\framework\web\CBaseController.php(126): require('C:\xampp\htdocs...')
#6 C:\xampp\htdocs\test\framework\web\CBaseController.php(95): CBaseController->renderInternal('C:\xampp\htdocs...', Array, true)
#7 C:\xampp\htdocs\test\framework\web\CController.php(869): CBaseController->renderFile('C:\xampp\htdocs...', Array, true)
#8 C:\xampp\htdocs\test\framework\web\CController.php(782): CController->renderPartial('login', Array, true)
#9 C:\xampp\htdocs\test\protected\controllers\SiteController.php(98): CController->render('login', Array)
#10 C:\xampp\htdocs\test\framework\web\actions\CInlineAction.php(49): SiteController->actionLogin()
#11 C:\xampp\htdocs\test\framework\web\CController.php(308): CInlineAction->runWithParams(Array)
#12 C:\xampp\htdocs\test\framework\web\CController.php(286): CController->runAction(Object(CInlineAction))
#13 C:\xampp\htdocs\test\framework\web\CController.php(265): CController->runActionWithFilters(Object(CInlineAction), Array)
#14 C:\xampp\htdocs\test\framework\web\CWebApplication.php(282): CController->run('login')
#15 C:\xampp\htdocs\test\framework\web\CWebApplication.php(141): CWebApplication->runController('site/login')
#16 C:\xampp\htdocs\test\framework\base\CApplication.php(184): CWebApplication->processRequest()
#17 C:\xampp\htdocs\test\index.php(13): CApplication->run()
#18 {main}
REQUEST_URI=/test/?r=site/login
HTTP_REFERER=http://localhost/test/?r=site/login
---
2015/03/05 06:56:36 [error] [exception.CException] exception 'CException' with message 'Property "LoginForm.Captcha" is not defined.' in C:\xampp\htdocs\test\framework\base\CComponent.php:130
Stack trace:
#0 C:\xampp\htdocs\test\framework\web\helpers\CHtml.php(2728): CComponent->__get('Captcha')
#1 C:\xampp\htdocs\test\framework\web\helpers\CHtml.php(2451): CHtml::resolveValue(Object(LoginForm), 'Captcha')
#2 C:\xampp\htdocs\test\framework\web\helpers\CHtml.php(1807): CHtml::activeInputField('password', Object(LoginForm), 'Captcha', Array)
#3 C:\xampp\htdocs\test\framework\web\widgets\CActiveForm.php(838): CHtml::activePasswordField(Object(LoginForm), 'Captcha', Array)
#4 C:\xampp\htdocs\test\protected\views\site\login.php(53): CActiveForm->passwordField(Object(LoginForm), 'Captcha', Array)
#5 C:\xampp\htdocs\test\framework\web\CBaseController.php(126): require('C:\xampp\htdocs...')
#6 C:\xampp\htdocs\test\framework\web\CBaseController.php(95): CBaseController->renderInternal('C:\xampp\htdocs...', Array, true)
#7 C:\xampp\htdocs\test\framework\web\CController.php(869): CBaseController->renderFile('C:\xampp\htdocs...', Array, true)
#8 C:\xampp\htdocs\test\framework\web\CController.php(782): CController->renderPartial('login', Array, true)
#9 C:\xampp\htdocs\test\protected\controllers\SiteController.php(98): CController->render('login', Array)
#10 C:\xampp\htdocs\test\framework\web\actions\CInlineAction.php(49): SiteController->actionLogin()
#11 C:\xampp\htdocs\test\framework\web\CController.php(308): CInlineAction->runWithParams(Array)
#12 C:\xampp\htdocs\test\framework\web\CController.php(286): CController->runAction(Object(CInlineAction))
#13 C:\xampp\htdocs\test\framework\web\CController.php(265): CController->runActionWithFilters(Object(CInlineAction), Array)
#14 C:\xampp\htdocs\test\framework\web\CWebApplication.php(282): CController->run('login')
#15 C:\xampp\htdocs\test\framework\web\CWebApplication.php(141): CWebApplication->runController('site/login')
#16 C:\xampp\htdocs\test\framework\base\CApplication.php(184): CWebApplication->processRequest()
#17 C:\xampp\htdocs\test\index.php(13): CApplication->run()
#18 {main}
REQUEST_URI=/test/?r=site/login
HTTP_REFERER=http://localhost/test/?r=site/login
---
2015/03/05 06:58:11 [error] [exception.CException] exception 'CException' with message 'Property "LoginForm.Captcha" is not defined.' in C:\xampp\htdocs\test\framework\base\CComponent.php:130
Stack trace:
#0 C:\xampp\htdocs\test\framework\web\helpers\CHtml.php(2728): CComponent->__get('Captcha')
#1 C:\xampp\htdocs\test\framework\web\helpers\CHtml.php(2451): CHtml::resolveValue(Object(LoginForm), 'Captcha')
#2 C:\xampp\htdocs\test\framework\web\helpers\CHtml.php(1807): CHtml::activeInputField('password', Object(LoginForm), 'Captcha', Array)
#3 C:\xampp\htdocs\test\framework\web\widgets\CActiveForm.php(838): CHtml::activePasswordField(Object(LoginForm), 'Captcha', Array)
#4 C:\xampp\htdocs\test\protected\views\site\login.php(53): CActiveForm->passwordField(Object(LoginForm), 'Captcha', Array)
#5 C:\xampp\htdocs\test\framework\web\CBaseController.php(126): require('C:\xampp\htdocs...')
#6 C:\xampp\htdocs\test\framework\web\CBaseController.php(95): CBaseController->renderInternal('C:\xampp\htdocs...', Array, true)
#7 C:\xampp\htdocs\test\framework\web\CController.php(869): CBaseController->renderFile('C:\xampp\htdocs...', Array, true)
#8 C:\xampp\htdocs\test\framework\web\CController.php(782): CController->renderPartial('login', Array, true)
#9 C:\xampp\htdocs\test\protected\controllers\SiteController.php(98): CController->render('login', Array)
#10 C:\xampp\htdocs\test\framework\web\actions\CInlineAction.php(49): SiteController->actionLogin()
#11 C:\xampp\htdocs\test\framework\web\CController.php(308): CInlineAction->runWithParams(Array)
#12 C:\xampp\htdocs\test\framework\web\CController.php(286): CController->runAction(Object(CInlineAction))
#13 C:\xampp\htdocs\test\framework\web\CController.php(265): CController->runActionWithFilters(Object(CInlineAction), Array)
#14 C:\xampp\htdocs\test\framework\web\CWebApplication.php(282): CController->run('login')
#15 C:\xampp\htdocs\test\framework\web\CWebApplication.php(141): CWebApplication->runController('site/login')
#16 C:\xampp\htdocs\test\framework\base\CApplication.php(184): CWebApplication->processRequest()
#17 C:\xampp\htdocs\test\index.php(13): CApplication->run()
#18 {main}
REQUEST_URI=/test/?r=site/login
HTTP_REFERER=http://localhost/test/?r=site/login
---
2015/03/05 06:58:48 [error] [exception.CException] exception 'CException' with message 'Property "LoginForm.Captcha" is not defined.' in C:\xampp\htdocs\test\framework\base\CComponent.php:130
Stack trace:
#0 C:\xampp\htdocs\test\framework\web\helpers\CHtml.php(2728): CComponent->__get('Captcha')
#1 C:\xampp\htdocs\test\framework\web\helpers\CHtml.php(2451): CHtml::resolveValue(Object(LoginForm), 'Captcha')
#2 C:\xampp\htdocs\test\framework\web\helpers\CHtml.php(1807): CHtml::activeInputField('password', Object(LoginForm), 'Captcha', Array)
#3 C:\xampp\htdocs\test\framework\web\widgets\CActiveForm.php(838): CHtml::activePasswordField(Object(LoginForm), 'Captcha', Array)
#4 C:\xampp\htdocs\test\protected\views\site\login.php(53): CActiveForm->passwordField(Object(LoginForm), 'Captcha', Array)
#5 C:\xampp\htdocs\test\framework\web\CBaseController.php(126): require('C:\xampp\htdocs...')
#6 C:\xampp\htdocs\test\framework\web\CBaseController.php(95): CBaseController->renderInternal('C:\xampp\htdocs...', Array, true)
#7 C:\xampp\htdocs\test\framework\web\CController.php(869): CBaseController->renderFile('C:\xampp\htdocs...', Array, true)
#8 C:\xampp\htdocs\test\framework\web\CController.php(782): CController->renderPartial('login', Array, true)
#9 C:\xampp\htdocs\test\protected\controllers\SiteController.php(98): CController->render('login', Array)
#10 C:\xampp\htdocs\test\framework\web\actions\CInlineAction.php(49): SiteController->actionLogin()
#11 C:\xampp\htdocs\test\framework\web\CController.php(308): CInlineAction->runWithParams(Array)
#12 C:\xampp\htdocs\test\framework\web\CController.php(286): CController->runAction(Object(CInlineAction))
#13 C:\xampp\htdocs\test\framework\web\CController.php(265): CController->runActionWithFilters(Object(CInlineAction), Array)
#14 C:\xampp\htdocs\test\framework\web\CWebApplication.php(282): CController->run('login')
#15 C:\xampp\htdocs\test\framework\web\CWebApplication.php(141): CWebApplication->runController('site/login')
#16 C:\xampp\htdocs\test\framework\base\CApplication.php(184): CWebApplication->processRequest()
#17 C:\xampp\htdocs\test\index.php(13): CApplication->run()
#18 {main}
REQUEST_URI=/test/?r=site/login
HTTP_REFERER=http://localhost/test/?r=site/login
---
2015/03/05 06:59:01 [error] [exception.CException] exception 'CException' with message 'Property "LoginForm.Captcha" is not defined.' in C:\xampp\htdocs\test\framework\base\CComponent.php:130
Stack trace:
#0 C:\xampp\htdocs\test\framework\web\helpers\CHtml.php(2728): CComponent->__get('Captcha')
#1 C:\xampp\htdocs\test\framework\web\helpers\CHtml.php(2451): CHtml::resolveValue(Object(LoginForm), 'Captcha')
#2 C:\xampp\htdocs\test\framework\web\helpers\CHtml.php(1807): CHtml::activeInputField('password', Object(LoginForm), 'Captcha', Array)
#3 C:\xampp\htdocs\test\framework\web\widgets\CActiveForm.php(838): CHtml::activePasswordField(Object(LoginForm), 'Captcha', Array)
#4 C:\xampp\htdocs\test\protected\views\site\login.php(53): CActiveForm->passwordField(Object(LoginForm), 'Captcha', Array)
#5 C:\xampp\htdocs\test\framework\web\CBaseController.php(126): require('C:\xampp\htdocs...')
#6 C:\xampp\htdocs\test\framework\web\CBaseController.php(95): CBaseController->renderInternal('C:\xampp\htdocs...', Array, true)
#7 C:\xampp\htdocs\test\framework\web\CController.php(869): CBaseController->renderFile('C:\xampp\htdocs...', Array, true)
#8 C:\xampp\htdocs\test\framework\web\CController.php(782): CController->renderPartial('login', Array, true)
#9 C:\xampp\htdocs\test\protected\controllers\SiteController.php(98): CController->render('login', Array)
#10 C:\xampp\htdocs\test\framework\web\actions\CInlineAction.php(49): SiteController->actionLogin()
#11 C:\xampp\htdocs\test\framework\web\CController.php(308): CInlineAction->runWithParams(Array)
#12 C:\xampp\htdocs\test\framework\web\CController.php(286): CController->runAction(Object(CInlineAction))
#13 C:\xampp\htdocs\test\framework\web\CController.php(265): CController->runActionWithFilters(Object(CInlineAction), Array)
#14 C:\xampp\htdocs\test\framework\web\CWebApplication.php(282): CController->run('login')
#15 C:\xampp\htdocs\test\framework\web\CWebApplication.php(141): CWebApplication->runController('site/login')
#16 C:\xampp\htdocs\test\framework\base\CApplication.php(184): CWebApplication->processRequest()
#17 C:\xampp\htdocs\test\index.php(13): CApplication->run()
#18 {main}
REQUEST_URI=/test/?r=site/login
---
2015/03/05 07:11:36 [error] [exception.CException] exception 'CException' with message 'Property "LoginForm.CCaptcha" is not defined.' in C:\xampp\htdocs\test\framework\base\CComponent.php:130
Stack trace:
#0 C:\xampp\htdocs\test\framework\web\helpers\CHtml.php(2728): CComponent->__get('CCaptcha')
#1 C:\xampp\htdocs\test\framework\web\helpers\CHtml.php(2451): CHtml::resolveValue(Object(LoginForm), 'CCaptcha')
#2 C:\xampp\htdocs\test\framework\web\helpers\CHtml.php(1807): CHtml::activeInputField('password', Object(LoginForm), 'CCaptcha', Array)
#3 C:\xampp\htdocs\test\framework\web\widgets\CActiveForm.php(838): CHtml::activePasswordField(Object(LoginForm), 'CCaptcha', Array)
#4 C:\xampp\htdocs\test\protected\views\site\login.php(52): CActiveForm->passwordField(Object(LoginForm), 'CCaptcha', Array)
#5 C:\xampp\htdocs\test\framework\web\CBaseController.php(126): require('C:\xampp\htdocs...')
#6 C:\xampp\htdocs\test\framework\web\CBaseController.php(95): CBaseController->renderInternal('C:\xampp\htdocs...', Array, true)
#7 C:\xampp\htdocs\test\framework\web\CController.php(869): CBaseController->renderFile('C:\xampp\htdocs...', Array, true)
#8 C:\xampp\htdocs\test\framework\web\CController.php(782): CController->renderPartial('login', Array, true)
#9 C:\xampp\htdocs\test\protected\controllers\SiteController.php(98): CController->render('login', Array)
#10 C:\xampp\htdocs\test\framework\web\actions\CInlineAction.php(49): SiteController->actionLogin()
#11 C:\xampp\htdocs\test\framework\web\CController.php(308): CInlineAction->runWithParams(Array)
#12 C:\xampp\htdocs\test\framework\web\CController.php(286): CController->runAction(Object(CInlineAction))
#13 C:\xampp\htdocs\test\framework\web\CController.php(265): CController->runActionWithFilters(Object(CInlineAction), Array)
#14 C:\xampp\htdocs\test\framework\web\CWebApplication.php(282): CController->run('login')
#15 C:\xampp\htdocs\test\framework\web\CWebApplication.php(141): CWebApplication->runController('site/login')
#16 C:\xampp\htdocs\test\framework\base\CApplication.php(184): CWebApplication->processRequest()
#17 C:\xampp\htdocs\test\index.php(13): CApplication->run()
#18 {main}
REQUEST_URI=/test/?r=site/login
---
2015/03/06 16:18:47 [error] [exception.CDbException] SQLSTATE[HY000] [1045] Access denied for user 'root'@'localhost' (using password: YES)
2015/03/06 16:18:47 [error] [exception.CDbException] exception 'CDbException' with message 'CDbConnection failed to open the DB connection.' in D:\xampp\htdocs\18haowai\framework\db\CDbConnection.php:405
Stack trace:
#0 D:\xampp\htdocs\18haowai\framework\db\CDbConnection.php(347): CDbConnection->open()
#1 D:\xampp\htdocs\18haowai\framework\db\CDbConnection.php(325): CDbConnection->setActive(true)
#2 D:\xampp\htdocs\18haowai\framework\base\CModule.php(394): CDbConnection->init()
#3 D:\xampp\htdocs\18haowai\framework\base\CApplication.php(458): CModule->getComponent('db')
#4 D:\xampp\htdocs\18haowai\framework\db\ar\CActiveRecord.php(637): CApplication->getDb()
#5 D:\xampp\htdocs\18haowai\framework\db\ar\CActiveRecord.php(2384): CActiveRecord->getDbConnection()
#6 D:\xampp\htdocs\18haowai\framework\db\ar\CActiveRecord.php(411): CActiveRecordMetaData->__construct(Object(User))
#7 D:\xampp\htdocs\18haowai\framework\db\ar\CActiveRecord.php(79): CActiveRecord->getMetaData()
#8 D:\xampp\htdocs\18haowai\protected\controllers\UserController.php(136): CActiveRecord->__construct('search')
#9 D:\xampp\htdocs\18haowai\framework\web\actions\CInlineAction.php(49): UserController->actionAdmin()
#10 D:\xampp\htdocs\18haowai\framework\web\CController.php(308): CInlineAction->runWithParams(Array)
#11 D:\xampp\htdocs\18haowai\framework\web\filters\CFilterChain.php(133): CController->runAction(Object(CInlineAction))
#12 D:\xampp\htdocs\18haowai\framework\web\filters\CFilter.php(40): CFilterChain->run()
#13 D:\xampp\htdocs\18haowai\framework\web\CController.php(1145): CFilter->filter(Object(CFilterChain))
#14 D:\xampp\htdocs\18haowai\framework\web\filters\CInlineFilter.php(58): CController->filterAccessControl(Object(CFilterChain))
#15 D:\xampp\htdocs\18haowai\framework\web\filters\CFilterChain.php(130): CInlineFilter->filter(Object(CFilterChain))
#16 D:\xampp\htdocs\18haowai\framework\web\CController.php(291): CFilterChain->run()
#17 D:\xampp\htdocs\18haowai\framework\web\CController.php(265): CController->runActionWithFilters(Object(CInlineAction), Array)
#18 D:\xampp\htdocs\18haowai\framework\web\CWebApplication.php(282): CController->run('admin')
#19 D:\xampp\htdocs\18haowai\framework\web\CWebApplication.php(141): CWebApplication->runController('user/admin')
#20 D:\xampp\htdocs\18haowai\framework\base\CApplication.php(184): CWebApplication->processRequest()
#21 D:\xampp\htdocs\18haowai\index.php(13): CApplication->run()
#22 {main}
REQUEST_URI=/18haowai/?r=user/admin
HTTP_REFERER=http://localhost/18haowai/?r=site/login
---
